This file contains any messages produced by compilers while
running configure, to aid debugging if configure makes a mistake.

It was created by dttsp configure new, which was
generated by GNU Autoconf 2.61.  Invocation command line was

  $ ./configure 

## --------- ##
## Platform. ##
## --------- ##

hostname = puke.
uname -m = x86_64
uname -r = 2.6.27.21-78.2.41.fc9.x86_64
uname -s = Linux
uname -v = #1 SMP Mon Mar 23 23:22:15 EDT 2009

/usr/bin/uname -p = unknown
/bin/uname -X     = unknown

/bin/arch              = x86_64
/usr/bin/arch -k       = unknown
/usr/convex/getsysinfo = unknown
/usr/bin/hostinfo      = unknown
/bin/machine           = unknown
/usr/bin/oslevel       = unknown
/bin/universe          = unknown

PATH: /usr/lib64/qt-3.3/bin
PATH: /usr/kerberos/bin
PATH: /usr/lib64/ccache
PATH: /usr/local/bin
PATH: /usr/bin
PATH: /bin
PATH: /usr/local/bin
PATH: /sbin
PATH: /usr/sbin
PATH: /home/glen/bin


## ----------- ##
## Core tests. ##
## ----------- ##

configure:1788: checking for a BSD-compatible install
configure:1844: result: /usr/bin/install -c
configure:1855: checking whether build environment is sane
configure:1898: result: yes
configure:1926: checking for a thread-safe mkdir -p
configure:1965: result: /bin/mkdir -p
configure:1978: checking for gawk
configure:1994: found /usr/bin/gawk
configure:2005: result: gawk
configure:2016: checking whether make sets $(MAKE)
configure:2037: result: yes
configure:2234: checking build system type
configure:2252: result: x86_64-unknown-linux-gnu
configure:2274: checking host system type
configure:2289: result: x86_64-unknown-linux-gnu
configure:2361: checking for gcc
configure:2377: found /usr/lib64/ccache/gcc
configure:2388: result: gcc
configure:2626: checking for C compiler version
configure:2633: gcc --version >&5
gcc (GCC) 4.3.0 20080428 (Red Hat 4.3.0-8)
Copyright (C) 2008 Free Software Foundation, Inc.
This is free software; see the source for copying conditions.  There is NO
warranty; not even for MERCHANTABILITY or FITNESS FOR A PARTICULAR PURPOSE.

configure:2636: $? = 0
configure:2643: gcc -v >&5
Using built-in specs.
Target: x86_64-redhat-linux
Configured with: ../configure --prefix=/usr --mandir=/usr/share/man --infodir=/usr/share/info --with-bugurl=http://bugzilla.redhat.com/bugzilla --enable-bootstrap --enable-shared --enable-threads=posix --enable-checking=release --with-system-zlib --enable-__cxa_atexit --disable-libunwind-exceptions --enable-languages=c,c++,objc,obj-c++,java,fortran,ada --enable-java-awt=gtk --disable-dssi --enable-plugin --with-java-home=/usr/lib/jvm/java-1.5.0-gcj-1.5.0.0/jre --enable-libgcj-multifile --enable-java-maintainer-mode --with-ecj-jar=/usr/share/java/eclipse-ecj.jar --disable-libjava-multilib --with-cpu=generic --build=x86_64-redhat-linux
Thread model: posix
gcc version 4.3.0 20080428 (Red Hat 4.3.0-8) (GCC) 
configure:2646: $? = 0
configure:2653: gcc -V >&5
gcc: '-V' option must have argument
configure:2656: $? = 1
configure:2679: checking for C compiler default output file name
configure:2706: gcc    conftest.c  >&5
configure:2709: $? = 0
configure:2747: result: a.out
configure:2764: checking whether the C compiler works
configure:2774: ./a.out
configure:2777: $? = 0
configure:2794: result: yes
configure:2801: checking whether we are cross compiling
configure:2803: result: no
configure:2806: checking for suffix of executables
configure:2813: gcc -o conftest    conftest.c  >&5
configure:2816: $? = 0
configure:2840: result: 
configure:2846: checking for suffix of object files
configure:2872: gcc -c   conftest.c >&5
configure:2875: $? = 0
configure:2898: result: o
configure:2902: checking whether we are using the GNU C compiler
configure:2931: gcc -c   conftest.c >&5
configure:2937: $? = 0
configure:2954: result: yes
configure:2959: checking whether gcc accepts -g
configure:2989: gcc -c -g  conftest.c >&5
configure:2995: $? = 0
configure:3094: result: yes
configure:3111: checking for gcc option to accept ISO C89
configure:3185: gcc  -c -g -O2  conftest.c >&5
configure:3191: $? = 0
configure:3214: result: none needed
configure:3243: checking for style of include used by make
configure:3271: result: GNU
configure:3296: checking dependency style of gcc
configure:3387: result: gcc3
configure:3445: checking for ranlib
configure:3461: found /usr/bin/ranlib
configure:3472: result: ranlib
configure:3509: checking for fftwf_execute in -lfftw3f
configure:3544: gcc -o conftest -g -O2   conftest.c -lfftw3f   >&5
configure:3550: $? = 0
configure:3568: result: yes
configure:3584: checking for jack_connect in -ljack
configure:3619: gcc -o conftest -g -O2   conftest.c -ljack  -lfftw3f  >&5
configure:3625: $? = 0
configure:3643: result: yes
configure:3659: checking for pow in -lm
configure:3694: gcc -o conftest -g -O2   conftest.c -lm  -ljack -lfftw3f  >&5
conftest.c:19: warning: conflicting types for built-in function 'pow'
configure:3700: $? = 0
configure:3718: result: yes
configure:3730: checking for pthread_create in -lpthread
configure:3765: gcc -o conftest -g -O2   conftest.c -lpthread  -lm -ljack -lfftw3f  >&5
configure:3771: $? = 0
configure:3789: result: yes
configure:3801: checking for lo_address_new in -llo
configure:3836: gcc -o conftest -g -O2   conftest.c -llo  -lpthread -lm -ljack -lfftw3f  >&5
configure:3842: $? = 0
configure:3860: result: yes
configure:3882: checking how to run the C preprocessor
configure:3922: gcc -E  conftest.c
configure:3928: $? = 0
configure:3959: gcc -E  conftest.c
conftest.c:15:28: error: ac_nonexistent.h: No such file or directory
configure:3965: $? = 1
configure: failed program was:
| /* confdefs.h.  */
| #define PACKAGE_NAME "dttsp"
| #define PACKAGE_TARNAME "dttsp"
| #define PACKAGE_VERSION "new"
| #define PACKAGE_STRING "dttsp new"
| #define PACKAGE_BUGREPORT "ab2kt@arrl.net> or <rwmcgwier@gmail.com"
| #define PACKAGE "dttsp"
| #define VERSION "new"
| #define HAVE_LIBFFTW3F 1
| #define HAVE_LIBJACK 1
| #define HAVE_LIBM 1
| #define HAVE_LIBPTHREAD 1
| #define HAVE_LIBLO 1
| /* end confdefs.h.  */
| #include <ac_nonexistent.h>
configure:3998: result: gcc -E
configure:4027: gcc -E  conftest.c
configure:4033: $? = 0
configure:4064: gcc -E  conftest.c
conftest.c:15:28: error: ac_nonexistent.h: No such file or directory
configure:4070: $? = 1
configure: failed program was:
| /* confdefs.h.  */
| #define PACKAGE_NAME "dttsp"
| #define PACKAGE_TARNAME "dttsp"
| #define PACKAGE_VERSION "new"
| #define PACKAGE_STRING "dttsp new"
| #define PACKAGE_BUGREPORT "ab2kt@arrl.net> or <rwmcgwier@gmail.com"
| #define PACKAGE "dttsp"
| #define VERSION "new"
| #define HAVE_LIBFFTW3F 1
| #define HAVE_LIBJACK 1
| #define HAVE_LIBM 1
| #define HAVE_LIBPTHREAD 1
| #define HAVE_LIBLO 1
| /* end confdefs.h.  */
| #include <ac_nonexistent.h>
configure:4108: checking for grep that handles long lines and -e
configure:4182: result: /bin/grep
configure:4187: checking for egrep
configure:4265: result: /bin/grep -E
configure:4270: checking for ANSI C header files
configure:4300: gcc -c -g -O2  conftest.c >&5
configure:4306: $? = 0
configure:4405: gcc -o conftest -g -O2   conftest.c -llo -lpthread -lm -ljack -lfftw3f  >&5
configure:4408: $? = 0
configure:4414: ./conftest
configure:4417: $? = 0
configure:4434: result: yes
configure:4444: checking for sys/wait.h that is POSIX.1 compatible
configure:4480: gcc -c -g -O2  conftest.c >&5
configure:4486: $? = 0
configure:4501: result: yes
configure:4525: checking for sys/types.h
configure:4546: gcc -c -g -O2  conftest.c >&5
configure:4552: $? = 0
configure:4568: result: yes
configure:4525: checking for sys/stat.h
configure:4546: gcc -c -g -O2  conftest.c >&5
configure:4552: $? = 0
configure:4568: result: yes
configure:4525: checking for stdlib.h
configure:4546: gcc -c -g -O2  conftest.c >&5
configure:4552: $? = 0
configure:4568: result: yes
configure:4525: checking for string.h
configure:4546: gcc -c -g -O2  conftest.c >&5
configure:4552: $? = 0
configure:4568: result: yes
configure:4525: checking for memory.h
configure:4546: gcc -c -g -O2  conftest.c >&5
configure:4552: $? = 0
configure:4568: result: yes
configure:4525: checking for strings.h
configure:4546: gcc -c -g -O2  conftest.c >&5
configure:4552: $? = 0
configure:4568: result: yes
configure:4525: checking for inttypes.h
configure:4546: gcc -c -g -O2  conftest.c >&5
configure:4552: $? = 0
configure:4568: result: yes
configure:4525: checking for stdint.h
configure:4546: gcc -c -g -O2  conftest.c >&5
configure:4552: $? = 0
configure:4568: result: yes
configure:4525: checking for unistd.h
configure:4546: gcc -c -g -O2  conftest.c >&5
configure:4552: $? = 0
configure:4568: result: yes
configure:4602: checking fcntl.h usability
configure:4619: gcc -c -g -O2  conftest.c >&5
configure:4625: $? = 0
configure:4639: result: yes
configure:4643: checking fcntl.h presence
configure:4658: gcc -E  conftest.c
configure:4664: $? = 0
configure:4678: result: yes
configure:4711: checking for fcntl.h
configure:4719: result: yes
configure:4592: checking for stdlib.h
configure:4598: result: yes
configure:4592: checking for string.h
configure:4598: result: yes
configure:4602: checking sys/ioctl.h usability
configure:4619: gcc -c -g -O2  conftest.c >&5
configure:4625: $? = 0
configure:4639: result: yes
configure:4643: checking sys/ioctl.h presence
configure:4658: gcc -E  conftest.c
configure:4664: $? = 0
configure:4678: result: yes
configure:4711: checking for sys/ioctl.h
configure:4719: result: yes
configure:4602: checking sys/param.h usability
configure:4619: gcc -c -g -O2  conftest.c >&5
configure:4625: $? = 0
configure:4639: result: yes
configure:4643: checking sys/param.h presence
configure:4658: gcc -E  conftest.c
configure:4664: $? = 0
configure:4678: result: yes
configure:4711: checking for sys/param.h
configure:4719: result: yes
configure:4602: checking sys/socket.h usability
configure:4619: gcc -c -g -O2  conftest.c >&5
configure:4625: $? = 0
configure:4639: result: yes
configure:4643: checking sys/socket.h presence
configure:4658: gcc -E  conftest.c
configure:4664: $? = 0
configure:4678: result: yes
configure:4711: checking for sys/socket.h
configure:4719: result: yes
configure:4602: checking sys/time.h usability
configure:4619: gcc -c -g -O2  conftest.c >&5
configure:4625: $? = 0
configure:4639: result: yes
configure:4643: checking sys/time.h presence
configure:4658: gcc -E  conftest.c
configure:4664: $? = 0
configure:4678: result: yes
configure:4711: checking for sys/time.h
configure:4719: result: yes
configure:4592: checking for unistd.h
configure:4598: result: yes
configure:4734: checking for an ANSI C-conforming const
configure:4809: gcc -c -g -O2  conftest.c >&5
configure:4815: $? = 0
configure:4830: result: yes
configure:4840: checking for inline
configure:4866: gcc -c -g -O2  conftest.c >&5
configure:4872: $? = 0
configure:4890: result: inline
configure:4909: checking for size_t
configure:4939: gcc -c -g -O2  conftest.c >&5
configure:4945: $? = 0
configure:4960: result: yes
configure:4972: checking whether time.h and sys/time.h may both be included
configure:5002: gcc -c -g -O2  conftest.c >&5
configure:5008: $? = 0
configure:5023: result: yes
configure:5033: checking for stdbool.h that conforms to C99
configure:5126: gcc -c -g -O2  conftest.c >&5
configure:5132: $? = 0
configure:5147: result: yes
configure:5149: checking for _Bool
configure:5179: gcc -c -g -O2  conftest.c >&5
configure:5185: $? = 0
configure:5200: result: yes
configure:5219: checking for uid_t in sys/types.h
configure:5242: result: yes
configure:5260: checking whether gcc needs -traditional
configure:5302: result: no
configure:5309: checking whether lstat dereferences a symlink specified with a trailing slash
configure:5345: gcc -o conftest -g -O2   conftest.c -llo -lpthread -lm -ljack -lfftw3f  >&5
configure:5348: $? = 0
configure:5354: ./conftest
configure:5357: $? = 0
configure:5380: result: yes
configure:5399: checking whether stat accepts an empty string
configure:5429: gcc -o conftest -g -O2   conftest.c -llo -lpthread -lm -ljack -lfftw3f  >&5
configure:5432: $? = 0
configure:5438: ./conftest
configure:5441: $? = 0
configure:5457: result: no
configure:5481: checking for floor
configure:5537: gcc -o conftest -g -O2   conftest.c -llo -lpthread -lm -ljack -lfftw3f  >&5
conftest.c:61: warning: conflicting types for built-in function 'floor'
configure:5543: $? = 0
configure:5561: result: yes
configure:5481: checking for gettimeofday
configure:5537: gcc -o conftest -g -O2   conftest.c -llo -lpthread -lm -ljack -lfftw3f  >&5
configure:5543: $? = 0
configure:5561: result: yes
configure:5481: checking for memset
configure:5537: gcc -o conftest -g -O2   conftest.c -llo -lpthread -lm -ljack -lfftw3f  >&5
conftest.c:63: warning: conflicting types for built-in function 'memset'
configure:5543: $? = 0
configure:5561: result: yes
configure:5481: checking for pow
configure:5537: gcc -o conftest -g -O2   conftest.c -llo -lpthread -lm -ljack -lfftw3f  >&5
conftest.c:64: warning: conflicting types for built-in function 'pow'
configure:5543: $? = 0
configure:5561: result: yes
configure:5481: checking for sqrt
configure:5537: gcc -o conftest -g -O2   conftest.c -llo -lpthread -lm -ljack -lfftw3f  >&5
conftest.c:65: warning: conflicting types for built-in function 'sqrt'
configure:5543: $? = 0
configure:5561: result: yes
configure:5718: creating ./config.status

## ---------------------- ##
## Running config.status. ##
## ---------------------- ##

This file was extended by dttsp config.status new, which was
generated by GNU Autoconf 2.61.  Invocation command line was

  CONFIG_FILES    = 
  CONFIG_HEADERS  = 
  CONFIG_LINKS    = 
  CONFIG_COMMANDS = 
  $ ./config.status 

on puke.

config.status:627: creating Makefile
config.status:818: executing depfiles commands

## ---------------- ##
## Cache variables. ##
## ---------------- ##

ac_cv_build=x86_64-unknown-linux-gnu
ac_cv_c_compiler_gnu=yes
ac_cv_c_const=yes
ac_cv_c_inline=inline
ac_cv_env_CC_set=
ac_cv_env_CC_value=
ac_cv_env_CFLAGS_set=
ac_cv_env_CFLAGS_value=
ac_cv_env_CPPFLAGS_set=
ac_cv_env_CPPFLAGS_value=
ac_cv_env_CPP_set=
ac_cv_env_CPP_value=
ac_cv_env_LDFLAGS_set=
ac_cv_env_LDFLAGS_value=
ac_cv_env_LIBS_set=
ac_cv_env_LIBS_value=
ac_cv_env_build_alias_set=
ac_cv_env_build_alias_value=
ac_cv_env_host_alias_set=
ac_cv_env_host_alias_value=
ac_cv_env_target_alias_set=
ac_cv_env_target_alias_value=
ac_cv_func_floor=yes
ac_cv_func_gettimeofday=yes
ac_cv_func_lstat_dereferences_slashed_symlink=yes
ac_cv_func_memset=yes
ac_cv_func_pow=yes
ac_cv_func_sqrt=yes
ac_cv_func_stat_empty_string_bug=no
ac_cv_header_fcntl_h=yes
ac_cv_header_inttypes_h=yes
ac_cv_header_memory_h=yes
ac_cv_header_stdbool_h=yes
ac_cv_header_stdc=yes
ac_cv_header_stdint_h=yes
ac_cv_header_stdlib_h=yes
ac_cv_header_string_h=yes
ac_cv_header_strings_h=yes
ac_cv_header_sys_ioctl_h=yes
ac_cv_header_sys_param_h=yes
ac_cv_header_sys_socket_h=yes
ac_cv_header_sys_stat_h=yes
ac_cv_header_sys_time_h=yes
ac_cv_header_sys_types_h=yes
ac_cv_header_sys_wait_h=yes
ac_cv_header_time=yes
ac_cv_header_unistd_h=yes
ac_cv_host=x86_64-unknown-linux-gnu
ac_cv_lib_fftw3f_fftwf_execute=yes
ac_cv_lib_jack_jack_connect=yes
ac_cv_lib_lo_lo_address_new=yes
ac_cv_lib_m_pow=yes
ac_cv_lib_pthread_pthread_create=yes
ac_cv_objext=o
ac_cv_path_EGREP='/bin/grep -E'
ac_cv_path_GREP=/bin/grep
ac_cv_path_install='/usr/bin/install -c'
ac_cv_path_mkdir=/bin/mkdir
ac_cv_prog_AWK=gawk
ac_cv_prog_CPP='gcc -E'
ac_cv_prog_ac_ct_CC=gcc
ac_cv_prog_ac_ct_RANLIB=ranlib
ac_cv_prog_cc_c89=
ac_cv_prog_cc_g=yes
ac_cv_prog_gcc_traditional=no
ac_cv_prog_make_make_set=yes
ac_cv_type__Bool=yes
ac_cv_type_size_t=yes
ac_cv_type_uid_t=yes
am_cv_CC_dependencies_compiler_type=gcc3

## ----------------- ##
## Output variables. ##
## ----------------- ##

ACLOCAL='${SHELL} /src/cmd/sdr/dttsp-cgran/src/missing --run aclocal-1.10'
AMDEPBACKSLASH='\'
AMDEP_FALSE='#'
AMDEP_TRUE=''
AMTAR='${SHELL} /src/cmd/sdr/dttsp-cgran/src/missing --run tar'
AUTOCONF='${SHELL} /src/cmd/sdr/dttsp-cgran/src/missing --run autoconf'
AUTOHEADER='${SHELL} /src/cmd/sdr/dttsp-cgran/src/missing --run autoheader'
AUTOMAKE='${SHELL} /src/cmd/sdr/dttsp-cgran/src/missing --run automake-1.10'
AWK='gawk'
CC='gcc'
CCDEPMODE='depmode=gcc3'
CFLAGS='-g -O2'
CPP='gcc -E'
CPPFLAGS=''
CYGPATH_W='echo'
DEFS='-DPACKAGE_NAME=\"dttsp\" -DPACKAGE_TARNAME=\"dttsp\" -DPACKAGE_VERSION=\"new\" -DPACKAGE_STRING=\"dttsp\ new\" -DPACKAGE_BUGREPORT=\"ab2kt@arrl.net\>\ or\ \<rwmcgwier@gmail.com\" -DPACKAGE=\"dttsp\" -DVERSION=\"new\" -DHAVE_LIBFFTW3F=1 -DHAVE_LIBJACK=1 -DHAVE_LIBM=1 -DHAVE_LIBPTHREAD=1 -DHAVE_LIBLO=1 -DSTDC_HEADERS=1 -DHAVE_SYS_WAIT_H=1 -DHAVE_SYS_TYPES_H=1 -DHAVE_SYS_STAT_H=1 -DHAVE_STDLIB_H=1 -DHAVE_STRING_H=1 -DHAVE_MEMORY_H=1 -DHAVE_STRINGS_H=1 -DHAVE_INTTYPES_H=1 -DHAVE_STDINT_H=1 -DHAVE_UNISTD_H=1 -DHAVE_FCNTL_H=1 -DHAVE_STDLIB_H=1 -DHAVE_STRING_H=1 -DHAVE_SYS_IOCTL_H=1 -DHAVE_SYS_PARAM_H=1 -DHAVE_SYS_SOCKET_H=1 -DHAVE_SYS_TIME_H=1 -DHAVE_UNISTD_H=1 -DTIME_WITH_SYS_TIME=1 -DHAVE__BOOL=1 -DHAVE_STDBOOL_H=1 -DLSTAT_FOLLOWS_SLASHED_SYMLINK=1 -DHAVE_FLOOR=1 -DHAVE_GETTIMEOFDAY=1 -DHAVE_MEMSET=1 -DHAVE_POW=1 -DHAVE_SQRT=1'
DEPDIR='.deps'
ECHO_C=''
ECHO_N='-n'
ECHO_T=''
EGREP='/bin/grep -E'
EXEEXT=''
GREP='/bin/grep'
INSTALL_DATA='${INSTALL} -m 644'
INSTALL_PROGRAM='${INSTALL}'
INSTALL_SCRIPT='${INSTALL}'
INSTALL_STRIP_PROGRAM='$(install_sh) -c -s'
LDFLAGS=''
LIBOBJS=''
LIBS='-llo -lpthread -lm -ljack -lfftw3f '
LTLIBOBJS=''
MAKEINFO='${SHELL} /src/cmd/sdr/dttsp-cgran/src/missing --run makeinfo'
OBJEXT='o'
PACKAGE='dttsp'
PACKAGE_BUGREPORT='ab2kt@arrl.net> or <rwmcgwier@gmail.com'
PACKAGE_NAME='dttsp'
PACKAGE_STRING='dttsp new'
PACKAGE_TARNAME='dttsp'
PACKAGE_VERSION='new'
PATH_SEPARATOR=':'
RANLIB='ranlib'
SET_MAKE=''
SHELL='/bin/sh'
STRIP=''
VERSION='new'
ac_ct_CC='gcc'
am__fastdepCC_FALSE='#'
am__fastdepCC_TRUE=''
am__include='include'
am__isrc=''
am__leading_dot='.'
am__quote=''
am__tar='${AMTAR} chof - "$$tardir"'
am__untar='${AMTAR} xf -'
bindir='${exec_prefix}/bin'
build='x86_64-unknown-linux-gnu'
build_alias=''
build_cpu='x86_64'
build_os='linux-gnu'
build_vendor='unknown'
datadir='${datarootdir}'
datarootdir='${prefix}/share'
docdir='${datarootdir}/doc/${PACKAGE_TARNAME}'
dvidir='${docdir}'
exec_prefix='${prefix}'
host='x86_64-unknown-linux-gnu'
host_alias=''
host_cpu='x86_64'
host_os='linux-gnu'
host_vendor='unknown'
htmldir='${docdir}'
includedir='${prefix}/include'
infodir='${datarootdir}/info'
install_sh='$(SHELL) /src/cmd/sdr/dttsp-cgran/src/install-sh'
libdir='${exec_prefix}/lib'
libexecdir='${exec_prefix}/libexec'
localedir='${datarootdir}/locale'
localstatedir='${prefix}/var'
mandir='${datarootdir}/man'
mkdir_p='/bin/mkdir -p'
oldincludedir='/usr/include'
pdfdir='${docdir}'
prefix='/usr/local'
program_transform_name='s,x,x,'
psdir='${docdir}'
sbindir='${exec_prefix}/sbin'
sharedstatedir='${prefix}/com'
sysconfdir='${prefix}/etc'
target_alias=''

## ----------- ##
## confdefs.h. ##
## ----------- ##

#define PACKAGE_NAME "dttsp"
#define PACKAGE_TARNAME "dttsp"
#define PACKAGE_VERSION "new"
#define PACKAGE_STRING "dttsp new"
#define PACKAGE_BUGREPORT "ab2kt@arrl.net> or <rwmcgwier@gmail.com"
#define PACKAGE "dttsp"
#define VERSION "new"
#define HAVE_LIBFFTW3F 1
#define HAVE_LIBJACK 1
#define HAVE_LIBM 1
#define HAVE_LIBPTHREAD 1
#define HAVE_LIBLO 1
#define STDC_HEADERS 1
#define HAVE_SYS_WAIT_H 1
#define HAVE_SYS_TYPES_H 1
#define HAVE_SYS_STAT_H 1
#define HAVE_STDLIB_H 1
#define HAVE_STRING_H 1
#define HAVE_MEMORY_H 1
#define HAVE_STRINGS_H 1
#define HAVE_INTTYPES_H 1
#define HAVE_STDINT_H 1
#define HAVE_UNISTD_H 1
#define HAVE_FCNTL_H 1
#define HAVE_STDLIB_H 1
#define HAVE_STRING_H 1
#define HAVE_SYS_IOCTL_H 1
#define HAVE_SYS_PARAM_H 1
#define HAVE_SYS_SOCKET_H 1
#define HAVE_SYS_TIME_H 1
#define HAVE_UNISTD_H 1
#define TIME_WITH_SYS_TIME 1
#define HAVE__BOOL 1
#define HAVE_STDBOOL_H 1
#define LSTAT_FOLLOWS_SLASHED_SYMLINK 1
#define HAVE_FLOOR 1
#define HAVE_GETTIMEOFDAY 1
#define HAVE_MEMSET 1
#define HAVE_POW 1
#define HAVE_SQRT 1

configure: exit 0
